#
# A fatal error has been detected by the Java Runtime Environment:
#
#  EXCEPTION_ACCESS_VIOLATION (0xc0000005) at pc=0x5daeef4b, pid=11508, tid=5052
#
# JRE version: Java(TM) SE Runtime Environment (7.0_80-b15) (build 1.7.0_80-b15)
# Java VM: Java HotSpot(TM) Client VM (24.80-b11 mixed mode windows-x86 )
# Problematic frame:
# V  [jvm.dll+0xdef4b]
#
# Failed to write core dump. Minidumps are not enabled by default on client versions of Windows
#
# If you would like to submit a bug report, please visit:
#   http://bugreport.java.com/bugreport/crash.jsp
#

---------------  T H R E A D  ---------------

Current thread (0x03b44c00):  JavaThread "JDWP Transport Listener: dt_socket" daemon [_thread_in_vm, id=5052, stack(0x03980000,0x039d0000)]

siginfo: ExceptionCode=0xc0000005, reading address 0x003b656c

Registers:
EAX=0x003b656c, EBX=0x00000000, ECX=0x003b656c, EDX=0x00000000
ESP=0x039cf7e4, EBP=0x039cf7e8, ESI=0x00a7d590, EDI=0x039cf8c8
EIP=0x5daeef4b, EFLAGS=0x00010206

Top of Stack: (sp=0x039cf7e4)
0x039cf7e4:   00a7d590 039cf810 5dc229aa 003b656c
0x039cf7f4:   039cf84b 03b44c00 00000000 00000000
0x039cf804:   00000000 03b44c00 03b44c00 039cf84c
0x039cf814:   687f9d8d 00a7d590 003b656c 039cf84b
0x039cf824:   003b656c 687e436d 003b656c 039cf84b
0x039cf834:   00000005 00000000 00000000 00000009
0x039cf844:   00000000 00af1e54 039cf86c 687e44e0
0x039cf854:   00000001 039cf888 039cf8c4 03b2f9a8 

Instructions: (pc=0x5daeef4b)
0x5daeef2b:   89 4f 04 8b 56 0c 89 57 08 8b 46 10 89 47 0c 5f
0x5daeef3b:   5e 5d c2 0c 00 55 8b ec 8b 45 08 56 85 c0 74 28
0x5daeef4b:   8b 30 85 f6 74 22 81 fe fe fe fe fe 74 1a 8b 4e
0x5daeef5b:   04 8b 41 08 8b 90 94 00 00 00 83 c1 08 ff d2 84 


Register to memory mapping:

EAX=0x003b656c is an unknown value
EBX=0x00000000 is an unknown value
ECX=0x003b656c is an unknown value
EDX=0x00000000 is an unknown value
ESP=0x039cf7e4 is pointing into the stack for thread: 0x03b44c00
EBP=0x039cf7e8 is pointing into the stack for thread: 0x03b44c00
ESI=0x00a7d590 is an unknown value
EDI=0x039cf8c8 is pointing into the stack for thread: 0x03b44c00


Stack: [0x03980000,0x039d0000],  sp=0x039cf7e4,  free space=317k
Native frames: (J=compiled Java code, j=interpreted, Vv=VM code, C=native code)
V  [jvm.dll+0xdef4b]
V  [jvm.dll+0x2129aa]
C  [jdwp.dll+0x19d8d]
C  [jdwp.dll+0x44e0]
C  [jdwp.dll+0x451e]


---------------  P R O C E S S  ---------------

Java Threads: ( => current thread )
  0x03b63400 JavaThread "Service Thread" daemon [_thread_blocked, id=11748, stack(0x042d0000,0x04320000)]
  0x03b59800 JavaThread "C1 CompilerThread0" daemon [_thread_blocked, id=5660, stack(0x040e0000,0x04130000)]
  0x03b4a000 JavaThread "JDWP Command Reader" daemon [_thread_in_native, id=6392, stack(0x04130000,0x04180000)]
  0x03b46800 JavaThread "JDWP Event Helper Thread" daemon [_thread_blocked, id=9840, stack(0x04080000,0x040d0000)]
=>0x03b44c00 JavaThread "JDWP Transport Listener: dt_socket" daemon [_thread_in_vm, id=5052, stack(0x03980000,0x039d0000)]
  0x03b20400 JavaThread "Attach Listener" daemon [_thread_blocked, id=9680, stack(0x03ea0000,0x03ef0000)]
  0x03b37c00 JavaThread "Signal Dispatcher" daemon [_thread_blocked, id=14200, stack(0x01850000,0x018a0000)]
  0x03aeec00 JavaThread "Finalizer" daemon [_thread_blocked, id=7328, stack(0x03d80000,0x03dd0000)]
  0x03ae9c00 JavaThread "Reference Handler" daemon [_thread_blocked, id=13260, stack(0x03930000,0x03980000)]
  0x008d1400 JavaThread "main" [_thread_blocked, id=11428, stack(0x018c0000,0x01910000)]

Other Threads:
  0x03ae7400 VMThread [stack: 0x039f0000,0x03a40000] [id=6280]
  0x03b6ec00 WatcherThread [stack: 0x04340000,0x04390000] [id=12404]

VM state:not at safepoint (normal execution)

VM Mutex/Monitor currently owned by a thread: None

Heap
 def new generation   total 4928K, used 1944K [0x0f200000, 0x0f750000, 0x14750000)
  eden space 4416K,  44% used [0x0f200000, 0x0f3e6210, 0x0f650000)
  from space 512K,   0% used [0x0f650000, 0x0f650000, 0x0f6d0000)
  to   space 512K,   0% used [0x0f6d0000, 0x0f6d0000, 0x0f750000)
 tenured generation   total 10944K, used 0K [0x14750000, 0x15200000, 0x1f200000)
   the space 10944K,   0% used [0x14750000, 0x14750000, 0x14750200, 0x15200000)
 compacting perm gen  total 12288K, used 1954K [0x1f200000, 0x1fe00000, 0x23200000)
   the space 12288K,  15% used [0x1f200000, 0x1f3e8930, 0x1f3e8a00, 0x1fe00000)
No shared spaces configured.

Card table byte_map: [0x009b0000,0x00a60000] byte_map_base: 0x00937000

Polling page: 0x00140000

Code Cache  [0x01910000, 0x019b8000, 0x03910000)
 total_blobs=153 nmethods=29 adapters=70 free_code_cache=32118Kb largest_free_block=32888960

Compilation events (10 events):
Event: 0.749 Thread 0x03b59800   25   !         sun.nio.cs.ext.DoubleByte$Encoder::encodeArrayLoop (409 bytes)
Event: 0.753 Thread 0x03b59800 nmethod 25 0x019aabc8 code [0x019ab260, 0x019ad034]
Event: 0.753 Thread 0x03b59800   26             java.lang.Math::max (11 bytes)
Event: 0.753 Thread 0x03b59800 nmethod 26 0x019b1048 code [0x019b1140, 0x019b11b0]
Event: 0.754 Thread 0x03b59800   27             java.util.jar.JarFile::hasClassPathAttribute (168 bytes)
Event: 0.754 Thread 0x03b59800 nmethod 27 0x019b1208 code [0x019b1340, 0x019b1594]
Event: 0.757 Thread 0x03b59800   28             sun.nio.cs.UTF_8$Encoder::encode (361 bytes)
Event: 0.758 Thread 0x03b59800 nmethod 28 0x019b1908 code [0x019b1a60, 0x019b1f38]
Event: 0.807 Thread 0x03b59800   29             java.util.HashMap::indexFor (6 bytes)
Event: 0.808 Thread 0x03b59800 nmethod 29 0x019b25c8 code [0x019b26c0, 0x019b2730]

GC Heap History (0 events):
No events

Deoptimization events (0 events):
No events

Internal exceptions (3 events):
Event: 0.118 Thread 0x008d1400 Threw 0x0f20eb18 at C:\re\jdk7u80\2329\hotspot\src\share\vm\prims\jni.cpp:3991
Event: 0.625 Thread 0x008d1400 Threw 0x0f306440 at C:\re\jdk7u80\2329\hotspot\src\share\vm\prims\jvm.cpp:1319
Event: 0.717 Thread 0x008d1400 Threw 0x0f30dbd8 at C:\re\jdk7u80\2329\hotspot\src\share\vm\prims\jvm.cpp:1319

Events (10 events):
Event: 417.315 Executing VM operation: ChangeBreakpoints
Event: 417.316 Executing VM operation: ChangeBreakpoints done
Event: 417.328 Executing VM operation: ChangeBreakpoints
Event: 417.328 Executing VM operation: ChangeBreakpoints done
Event: 417.348 Executing VM operation: ChangeBreakpoints
Event: 417.348 Executing VM operation: ChangeBreakpoints done
Event: 417.352 Executing VM operation: ChangeBreakpoints
Event: 417.352 Executing VM operation: ChangeBreakpoints done
Event: 435.092 Executing VM operation: RedefineClasses
Event: 435.093 Executing VM operation: RedefineClasses done


Dynamic libraries:
0x00ae0000 - 0x00b0f000 	C:\Program Files\Java\jdk1.7.0_80\bin\javaw.exe
0x773e0000 - 0x77522000 	C:\Windows\SYSTEM32\ntdll.dll
0x757c0000 - 0x75895000 	C:\Windows\system32\kernel32.dll
0x75510000 - 0x7555b000 	C:\Windows\system32\KERNELBASE.dll
0x75710000 - 0x757b1000 	C:\Windows\system32\ADVAPI32.dll
0x76d70000 - 0x76e1c000 	C:\Windows\system32\msvcrt.dll
0x759b0000 - 0x759c9000 	C:\Windows\SYSTEM32\sechost.dll
0x77570000 - 0x77612000 	C:\Windows\system32\RPCRT4.dll
0x758e0000 - 0x759a9000 	C:\Windows\system32\USER32.dll
0x76f40000 - 0x76f8e000 	C:\Windows\system32\GDI32.dll
0x77620000 - 0x7762a000 	C:\Windows\system32\LPK.dll
0x76ea0000 - 0x76f3d000 	C:\Windows\system32\USP10.dll
0x73ac0000 - 0x73c5e000 	C:\Windows\WinSxS\x86_microsoft.windows.common-controls_6595b64144ccf1df_6.0.7601.18837_none_41e855142bd5705d\COMCTL32.dll
0x756b0000 - 0x75707000 	C:\Windows\system32\SHLWAPI.dll
0x77540000 - 0x7755f000 	C:\Windows\system32\IMM32.DLL
0x76690000 - 0x7675d000 	C:\Windows\system32\MSCTF.dll
0x75260000 - 0x7528e000 	C:\Windows\system32\nvinit.dll
0x75250000 - 0x75259000 	C:\Windows\system32\VERSION.dll
0x0f000000 - 0x0f006000 	C:\Program Files\NVIDIA Corporation\CoProcManager\detoured.dll
0x6b5d0000 - 0x6b5fb000 	C:\Program Files\NVIDIA Corporation\CoProcManager\nvd3d9wrap.dll
0x76bd0000 - 0x76d6d000 	C:\Windows\system32\SETUPAPI.dll
0x755c0000 - 0x755e7000 	C:\Windows\system32\CFGMGR32.dll
0x76b30000 - 0x76bc1000 	C:\Windows\system32\OLEAUT32.dll
0x769d0000 - 0x76b2d000 	C:\Windows\system32\ole32.dll
0x755f0000 - 0x75602000 	C:\Windows\system32\DEVOBJ.dll
0x6b5b0000 - 0x6b5cf000 	C:\Program Files\NVIDIA Corporation\CoProcManager\nvdxgiwrap.dll
0x5ed20000 - 0x5eddf000 	C:\Program Files\Java\jdk1.7.0_80\jre\bin\msvcr100.dll
0x5da10000 - 0x5dd9b000 	C:\Program Files\Java\jdk1.7.0_80\jre\bin\client\jvm.dll
0x6b360000 - 0x6b367000 	C:\Windows\system32\WSOCK32.dll
0x758a0000 - 0x758d5000 	C:\Windows\system32\WS2_32.dll
0x77530000 - 0x77536000 	C:\Windows\system32\NSI.dll
0x744f0000 - 0x74522000 	C:\Windows\system32\WINMM.dll
0x77560000 - 0x77565000 	C:\Windows\system32\PSAPI.DLL
0x72e00000 - 0x72e0c000 	C:\Program Files\Java\jdk1.7.0_80\jre\bin\verify.dll
0x69520000 - 0x69541000 	C:\Program Files\Java\jdk1.7.0_80\jre\bin\java.dll
0x687e0000 - 0x6880a000 	C:\Program Files\Java\jdk1.7.0_80\jre\bin\jdwp.dll
0x72df0000 - 0x72df7000 	C:\Program Files\Java\jdk1.7.0_80\jre\bin\npt.dll
0x72b00000 - 0x72b13000 	C:\Program Files\Java\jdk1.7.0_80\jre\bin\zip.dll
0x72850000 - 0x72858000 	C:\Program Files\Java\jdk1.7.0_80\jre\bin\dt_socket.dll
0x732b0000 - 0x732c0000 	C:\Windows\system32\NLAapi.dll
0x6b5a0000 - 0x6b5b0000 	C:\Windows\system32\napinsp.dll
0x6b580000 - 0x6b592000 	C:\Windows\system32\pnrpnsp.dll
0x74ca0000 - 0x74cdc000 	C:\Windows\System32\mswsock.dll
0x74b60000 - 0x74ba4000 	C:\Windows\system32\DNSAPI.dll
0x6b570000 - 0x6b578000 	C:\Windows\System32\winrnr.dll
0x6b560000 - 0x6b56d000 	C:\Windows\system32\wshbth.dll
0x723b0000 - 0x723cc000 	C:\Windows\system32\IPHLPAPI.DLL
0x723a0000 - 0x723a7000 	C:\Windows\system32\WINNSI.DLL
0x72050000 - 0x72088000 	C:\Windows\System32\fwpuclnt.dll
0x6bd80000 - 0x6bd86000 	C:\Windows\system32\rasadhlp.dll
0x743d0000 - 0x743d5000 	C:\Windows\System32\wshtcpip.dll
0x73090000 - 0x7317b000 	C:\Windows\system32\dbghelp.dll

VM Arguments:
jvm_args: -agentlib:jdwp=transport=dt_socket,suspend=y,address=localhost:60228 -Dfile.encoding=UTF-8 
java_command: dataeye_renewal.UrlConnTest
Launcher Type: SUN_STANDARD

Environment Variables:
JAVA_HOME=C:\Program Files\Java\jdk1.7.0_80
PATH=C:\Program Files\Java\jdk1.7.0_80\jre\bin;C:\Program Files\Java\jdk1.7.0_80\bin;D:\app\Administrator\product\11.2.0\dbhome_1\bin;C:\ProgramData\Oracle\Java\javapath;C:\Windows\system32;C:\Windows;C:\Windows\System32\Wbem;C:\Windows\System32\WindowsPowerShell\v1.0\;C:\Program Files\Lenovo Fingerprint Reader\;C:\Program Files\Lenovo Fingerprint Reader\x64\;C:\Program Files\Intel\OpenCL SDK\2.0\bin\x86;C:\Program Files\Intel\OpenCL SDK\2.0\bin\x86
USERNAME=Administrator
OS=Windows_NT
PROCESSOR_IDENTIFIER=x86 Family 6 Model 58 Stepping 9, GenuineIntel



---------------  S Y S T E M  ---------------

OS: Windows 7 Build 7601 Service Pack 1

CPU:total 4 (2 cores per cpu, 2 threads per core) family 6 model 58 stepping 9, cmov, cx8, fxsr, mmx, sse, sse2, sse3, ssse3, sse4.1, sse4.2, popcnt, avx, aes, erms, ht, tsc, tscinvbit, tscinv

Memory: 4k page, physical 2461308k(33004k free), swap 9843516k(473816k free)

vm_info: Java HotSpot(TM) Client VM (24.80-b11) for windows-x86 JRE (1.7.0_80-b15), built on Apr 10 2015 13:33:35 by "java_re" with unknown MS VC++:1600

time: Thu May 18 15:56:28 2017
elapsed time: 437 seconds

